[ <Buffer 3c 21 44 4f 43 54 59 50 45 20 68 74 6d 6c 3e 0d 0a 3c 68 74 6d 6c 20 6c 61 6e 67 3d 22 65 6e 22 3e 0d 0a 3c 68 65 61 64 3e 0d 0a 20 20 20 20 20 3c 73 ... >,
  <Buffer 3c 6c 69 3e 3c 61 20 63 6c 61 73 73 3d 22 6e 6f 72 6d 61 6c 22 20 20 69 64 3d 22 70 72 6f 64 75 63 74 43 65 6e 74 65 72 22 20 68 72 65 66 3d 22 20 68 ... >,
  <Buffer 20 20 0d 0a 20 20 20 20 20 20 20 20 20 20 20 20 20 20 20 20 20 20 20 20 20 20 20 20 20 20 20 20 20 20 20 20 3c 64 69 76 20 63 6c 61 73 73 3d 22 63 70 ... >,
  <Buffer 30 2c 22 73 69 7a 65 22 3a 33 39 35 38 34 35 35 2c 22 73 6f 6e 67 4c 69 6e 6b 22 3a 22 69 78 76 33 74 33 32 22 7d 27 3e 0d 0a 20 20 20 20 20 20 20 20 ... >,
  <Buffer 75 2e 63 6f 6d 2f 73 6f 6e 67 2f 6a 31 36 35 78 36 61 2e 68 74 6d 6c 22 3e 0d 0a 20 20 20 20 20 20 20 20 20 20 20 20 20 20 20 20 20 20 20 20 20 20 20 ... >,
  <Buffer 67 54 69 70 73 22 3e 3c 2f 73 70 61 6e 3e 0d 0a 20 20 20 20 20 20 20 20 20 20 20 20 20 20 20 20 20 20 20 20 20 20 20 20 20 20 20 20 20 20 20 20 20 20 ... >,
  <Buffer 20 20 20 20 20 20 20 20 20 20 20 20 20 20 20 20 20 20 20 20 20 20 20 3c 73 70 61 6e 20 63 6c 61 73 73 3d 22 73 6f 6e 67 54 69 6d 65 22 3e 30 33 3a 32 ... >,
  <Buffer 79 22 3e 3c 2f 73 70 61 6e 3e 0d 0a 20 20 20 20 20 20 20 20 20 20 20 20 20 20 20 20 20 20 20 20 20 20 20 20 20 20 20 20 20 20 20 20 20 20 20 20 20 20 ... >,
  <Buffer 73 3d 22 69 63 6f 6e 20 64 6f 77 6e 6c 6f 61 64 42 74 6e 20 69 63 6f 6e 2d 64 6f 77 6e 6c 6f 61 64 22 20 6f 6e 63 6c 69 63 6b 3d 22 5f 68 6d 74 2e 70 ... >,
  <Buffer 22 69 63 6f 6e 20 73 68 61 72 65 42 74 6e 20 69 63 6f 6e 2d 73 68 61 72 65 22 3e 3c 2f 73 70 61 6e 3e 0d 0a 20 20 20 20 20 20 20 20 20 20 20 20 20 20 ... >,
  <Buffer 20 20 20 20 20 20 20 20 20 20 20 20 20 20 20 20 20 20 20 20 20 20 20 20 20 3c 2f 6c 69 3e 0d 0a 20 20 20 20 20 20 20 20 20 20 20 20 20 20 20 20 20 20 ... >,
  <Buffer 65 22 2c 22 61 6c 62 75 6d 49 64 22 3a 36 30 36 30 37 33 32 2c 22 70 72 69 76 69 6c 65 67 65 22 3a 38 2c 22 73 69 7a 65 22 3a 33 33 35 32 36 36 34 2c ... >,
  <Buffer 2f 73 70 61 6e 3e 0d 0a 20 20 20 20 20 20 20 20 20 20 20 20 20 20 20 20 20 20 20 20 20 20 20 20 20 20 20 20 20 20 20 20 20 20 20 20 20 20 20 20 20 20 ... >,
  <Buffer 20 20 20 20 20 20 20 20 20 20 20 20 20 20 20 20 20 20 20 20 20 20 20 20 20 20 20 20 20 20 20 20 20 20 20 20 3c 2f 6c 69 3e 0d 0a 20 20 20 20 20 20 20 ... >,
  <Buffer 20 4c 65 61 76 65 20 4d 65 22 2c 22 61 6c 62 75 6d 49 64 22 3a 36 30 35 37 30 37 38 2c 22 70 72 69 76 69 6c 65 67 65 22 3a 38 2c 22 73 69 7a 65 22 3a ... >,
  <Buffer 20 20 20 3c 73 70 61 6e 20 63 6c 61 73 73 3d 22 73 6f 6e 67 54 69 6d 65 22 3e 30 34 3a 30 34 3c 2f 73 70 61 6e 3e 0d 0a 20 20 20 20 20 20 20 20 20 20 ... >,
  <Buffer 69 6c 69 63 6b 27 2c 20 27 68 69 64 65 70 63 27 5d 29 3b 22 3e 3c 2f 73 70 61 6e 3e 0d 0a 20 20 20 20 20 20 20 20 20 20 20 20 20 20 20 20 20 20 20 20 ... >,
  <Buffer 42 41 41 42 22 2c 22 74 69 6d 65 22 3a 22 30 33 3a 30 38 22 2c 22 74 69 6d 65 4c 65 6e 22 3a 31 38 38 30 30 30 2c 22 46 69 6c 65 4e 61 6d 65 22 3a 22 ... >,
  <Buffer 2e 6b 75 67 6f 75 2e 63 6f 6d 2f 73 6f 6e 67 2f 69 38 74 78 76 64 32 2e 68 74 6d 6c 22 3e 0d 0a 20 20 20 20 20 20 20 20 20 20 20 20 20 20 20 20 20 20 ... >,
  <Buffer 73 68 61 72 65 42 74 6e 20 69 63 6f 6e 2d 73 68 61 72 65 22 3e 3c 2f 73 70 61 6e 3e 0d 0a 20 20 20 20 20 20 20 20 20 20 20 20 20 20 20 20 20 20 20 20 ... >,
  <Buffer 22 3a 22 55 32 20 2d 20 47 65 74 20 4f 75 74 20 6f 66 20 59 6f 75 72 20 4f 77 6e 20 57 61 79 22 2c 22 61 6c 62 75 6d 49 64 22 3a 34 37 30 38 33 31 39 ... >,
  <Buffer 20 20 20 20 20 20 20 20 20 20 20 20 20 20 20 20 20 20 20 20 20 20 20 20 20 20 20 20 20 20 20 20 20 20 0d 0a 20 20 20 20 20 20 20 20 20 20 20 20 20 20 ... >,
  <Buffer 20 27 68 69 64 65 64 6f 77 6e 27 2c 20 27 68 69 64 65 63 69 6c 69 63 6b 27 2c 20 27 68 69 64 65 70 63 27 5d 29 3b 22 3e 3c 2f 73 70 61 6e 3e 0d 0a 20 ... >,
  <Buffer 39 45 38 39 44 46 41 38 31 42 34 37 44 37 44 45 33 45 31 39 36 34 38 39 45 42 36 37 36 37 37 37 22 2c 22 74 69 6d 65 22 3a 22 30 33 3a 31 39 22 2c 22 ... >,
  <Buffer 22 3a 22 68 6a 76 6a 78 62 63 22 7d 27 3e 0d 0a 20 20 20 20 20 20 20 20 20 20 20 20 20 20 20 20 20 20 20 20 20 20 20 20 20 20 20 20 20 20 20 20 20 20 ... >,
  <Buffer 20 20 20 20 20 20 20 20 20 20 20 3c 73 70 61 6e 20 63 6c 61 73 73 3d 22 73 6f 6e 67 54 69 6d 65 22 3e 30 33 3a 32 35 3c 2f 73 70 61 6e 3e 0d 0a 20 20 ... >,
  <Buffer 20 20 20 20 20 20 20 20 20 20 20 20 20 20 20 20 3c 2f 75 6c 3e 0d 0a 20 20 20 20 20 20 20 20 20 20 20 20 20 20 20 20 20 20 20 20 20 20 20 20 20 20 20 ... >,
  <Buffer 4e 61 6d 65 22 3a 22 56 49 43 54 4f 4e 20 2d 20 52 65 6d 65 6d 62 65 72 20 4d 65 20 28 eb 82 98 eb a5 bc 20 ea b8 b0 ec 96 b5 ed 95 b4 29 22 2c 22 46 ... >,
  <Buffer 45 58 49 44 20 2d 20 44 44 44 20 28 eb 8d 9c eb 8d 9c eb 8d 9c 29 3c 2f 73 70 61 6e 3e 0d 0a 20 20 20 20 20 20 20 20 20 20 20 20 20 20 20 20 20 20 20 ... >,
  <Buffer 3c 2f 73 70 61 6e 3e 0d 0a 20 20 20 20 20 20 20 20 20 20 20 20 20 20 20 20 20 20 20 20 20 20 20 20 20 20 20 20 20 20 20 20 20 20 20 20 20 20 20 20 20 ... >,
  <Buffer 20 73 68 61 72 65 42 74 6e 20 69 63 6f 6e 2d 73 68 61 72 65 22 3e 3c 2f 73 70 61 6e 3e 0d 0a 20 20 20 20 20 20 20 20 20 20 20 20 20 20 20 20 20 20 20 ... >,
  <Buffer 42 42 41 44 46 31 41 34 43 44 38 45 45 42 42 43 38 41 46 41 46 30 39 39 35 39 35 33 35 38 30 22 2c 22 74 69 6d 65 22 3a 22 30 32 3a 34 38 22 2c 22 74 ... >,
  <Buffer 20 20 20 20 20 20 20 20 20 20 20 20 20 20 20 20 20 20 20 20 20 20 20 20 20 20 20 20 20 20 3c 61 20 68 72 65 66 3d 22 68 74 74 70 3a 2f 2f 77 77 77 2e ... >,
  <Buffer 20 20 20 20 20 20 20 20 20 20 0d 0a 20 20 20 20 20 20 20 20 20 20 20 20 20 20 20 20 20 20 20 20 20 20 20 20 20 20 20 20 20 20 20 20 20 20 20 20 20 20 ... >,
  <Buffer 61 68 29 20 28 ed 95 a0 eb a0 90 eb a3 a8 ec 95 bc 29 22 2c 22 61 6c 62 75 6d 49 64 22 3a 34 33 30 36 39 32 31 2c 22 70 72 69 76 69 6c 65 67 65 22 3a ... >,
  <Buffer 2d 64 6f 77 6e 6c 6f 61 64 22 20 6f 6e 63 6c 69 63 6b 3d 22 5f 68 6d 74 2e 70 75 73 68 28 5b 27 5f 74 72 61 63 6b 45 76 65 6e 74 27 2c 20 27 68 69 64 ... >,
  <Buffer 6f 6e 2d 73 68 61 72 65 22 3e 3c 2f 73 70 61 6e 3e 0d 0a 20 20 20 20 20 20 20 20 20 20 20 20 20 20 20 20 20 20 20 20 20 20 20 20 20 20 20 20 20 20 20 ... >,
  <Buffer 22 3a 34 31 33 33 37 38 38 2c 22 70 72 69 76 69 6c 65 67 65 22 3a 38 2c 22 73 69 7a 65 22 3a 33 33 39 32 31 35 35 2c 22 73 6f 6e 67 4c 69 6e 6b 22 3a ... >,
  <Buffer 20 20 20 20 20 20 20 20 20 20 20 20 20 20 20 20 20 20 20 20 20 20 20 20 20 20 20 20 0d 0a 20 20 20 20 20 20 20 20 20 20 20 20 20 20 20 20 20 20 20 20 ... >,
  <Buffer 2f 73 70 61 6e 3e 0d 0a 20 20 20 20 20 20 20 20 20 20 20 20 20 20 20 20 20 20 20 20 20 20 20 20 20 20 20 20 20 20 20 20 20 20 20 20 20 20 20 20 20 20 ... >,
  <Buffer 75 73 68 28 5b 27 5f 74 72 61 63 6b 45 76 65 6e 74 27 2c 20 27 68 69 64 65 64 6f 77 6e 27 2c 20 27 68 69 64 65 63 69 6c 69 63 6b 27 2c 20 27 68 69 64 ... >,
  <Buffer 6e 20 69 63 6f 6e 2d 73 68 61 72 65 22 3e 3c 2f 73 70 61 6e 3e 0d 0a 20 20 20 20 20 20 20 20 20 20 20 20 20 20 20 20 20 20 20 20 20 20 20 20 20 20 20 ... >,
  <Buffer 20 20 20 20 20 20 20 20 20 20 20 20 20 20 20 20 20 20 20 20 20 20 20 20 20 20 20 20 20 20 20 20 20 20 20 20 20 0d 0a 20 20 20 20 20 20 20 20 20 20 20 ... >,
  <Buffer 20 20 20 20 20 20 20 20 20 20 20 20 20 20 20 20 20 20 20 20 20 20 20 20 20 20 20 3c 73 70 61 6e 20 63 6c 61 73 73 3d 22 69 63 6f 6e 20 64 6f 77 6e 6c ... >,
  <Buffer 34 36 33 2c 22 70 72 69 76 69 6c 65 67 65 22 3a 30 2c 22 73 69 7a 65 22 3a 33 34 37 34 32 38 30 2c 22 73 6f 6e 67 4c 69 6e 6b 22 3a 22 69 36 39 72 6f ... >,
  <Buffer 33 22 2c 22 74 69 6d 65 4c 65 6e 22 3a 32 36 33 30 30 30 2c 22 46 69 6c 65 4e 61 6d 65 22 3a 22 4a 55 4e 4e 41 20 2d 20 48 65 72 65 e3 80 90 e9 ad 94 ... >,
  <Buffer 2f 73 6f 6e 67 2f 68 7a 6e 71 6a 33 66 2e 68 74 6d 6c 22 3e 0d 0a 20 20 20 20 20 20 20 20 20 20 20 20 20 20 20 20 20 20 20 20 20 20 20 20 20 20 20 20 ... >,
  <Buffer 22 68 6a 69 6d 71 30 38 22 7d 27 20 3e 0d 0a 20 20 20 20 20 20 20 20 20 20 20 20 20 20 20 20 20 20 20 20 20 20 20 20 20 20 20 20 20 20 20 20 20 20 20 ... >,
  <Buffer 6e 65 21 21 20 e7 ac ac e4 ba 8c e5 ad a3 4f 50 e3 80 91 3c 2f 73 70 61 6e 3e 0d 0a 20 20 20 20 20 20 20 20 20 20 20 20 20 20 20 20 20 20 20 20 20 20 ... >,
  <Buffer 20 20 20 20 20 20 20 20 20 20 20 20 20 20 20 20 20 20 20 20 3c 73 70 61 6e 20 63 6c 61 73 73 3d 22 69 63 6f 6e 20 64 6f 77 6e 6c 6f 61 64 42 74 6e 20 ... >,
  <Buffer 20 20 20 20 20 20 20 20 20 20 20 20 20 20 20 20 20 20 20 20 20 20 20 20 20 3c 73 70 61 6e 20 63 6c 61 73 73 3d 22 69 63 6f 6e 20 73 68 61 72 65 42 74 ... >,
  <Buffer 6b 75 67 6f 75 2e 63 6f 6d 2f 6d 76 68 64 70 69 63 2f 34 30 30 2f 32 30 31 37 31 31 30 39 2f 32 30 31 37 31 31 30 39 32 30 30 33 34 33 39 36 33 34 30 ... >,
  <Buffer 69 6d 67 2e 63 6f 6d 2f 70 75 62 6c 69 63 2f 72 6f 6f 74 2f 69 6d 61 67 65 73 2f 6d 76 5f 64 65 66 61 6c 75 74 2e 6a 70 67 22 3e 0d 0a 20 20 20 20 20 ... >,
  <Buffer 20 20 20 20 20 20 20 20 20 20 20 20 20 20 20 20 20 20 20 20 20 20 20 20 20 20 20 20 20 20 20 20 20 20 3c 64 69 76 20 63 6c 61 73 73 3d 22 70 6c 61 79 ... >,
  <Buffer 73 74 61 74 69 63 2e 6b 67 69 6d 67 2e 63 6f 6d 2f 70 75 62 6c 69 63 2f 72 6f 6f 74 2f 2f 69 6d 61 67 65 73 2f 72 61 64 69 6f 5f 32 2e 6a 70 67 22 20 ... >,
  <Buffer 6e 6b 22 20 68 72 65 66 3d 22 68 74 74 70 3a 2f 2f 77 77 77 2e 6b 75 67 6f 75 2e 63 6f 6d 2f 66 6d 77 65 62 2f 68 74 6d 6c 2f 69 6e 64 65 78 2e 68 74 ... >,
  <Buffer 6b 75 67 6f 75 2e 63 6f 6d 2f 79 79 2f 73 74 61 74 69 63 2f 69 6d 61 67 65 73 2f 62 6c 61 6e 6b 2e 67 69 66 22 20 20 63 6c 61 73 73 3d 22 20 22 3e 0d ... >,
  <Buffer 20 20 20 20 20 20 3c 64 69 76 20 63 6c 61 73 73 3d 22 72 61 64 69 6f 4b 69 6e 64 22 3e e5 8a a8 e6 bc ab 3c 2f 64 69 76 3e 0d 0a 20 20 20 20 20 20 20 ... >,
  <Buffer 5f 70 6c 61 79 22 20 73 74 79 6c 65 3d 22 64 69 73 70 6c 61 79 3a 20 6e 6f 6e 65 3b 22 3e 3c 2f 64 69 76 3e 0d 0a 20 20 20 20 20 20 20 20 20 20 20 20 ... >,
  <Buffer 20 20 20 20 20 20 20 20 20 20 20 20 20 20 20 20 20 20 20 20 3c 6c 69 20 63 6c 61 73 73 3d 22 69 74 65 6d 22 3e 0d 0a 20 20 20 20 20 20 20 20 20 20 20 ... >,
  <Buffer 22 73 6f 6e 67 4c 69 73 74 53 69 6e 67 65 72 22 3e 54 46 42 4f 59 53 3c 2f 70 3e 0d 0a 20 20 20 20 20 20 20 20 20 20 20 20 20 20 20 20 20 20 20 20 20 ... >,
  <Buffer 2f 64 69 76 3e 0d 0a 20 20 20 20 20 20 20 20 20 20 20 20 20 20 20 20 3c 64 69 76 20 63 6c 61 73 73 3d 22 69 74 65 6d 43 6f 6e 74 65 6e 74 22 3e 0d 0a ... >,
  <Buffer 6c 6c 6f 77 22 3e 3c 69 6d 67 20 74 69 74 6c 65 3d 22 e5 96 9c e6 ac a2 e9 9f b3 e4 b9 90 22 20 77 69 64 74 68 3d 22 31 33 30 22 20 68 65 69 67 68 74 ... >,
  <Buffer 75 67 6f 75 2e 63 6f 6d 2f 79 79 2f 73 74 61 74 69 63 2f 69 6d 61 67 65 73 2f 62 6c 61 6e 6b 2e 67 69 66 22 20 5f 73 72 63 3d 22 68 74 74 70 3a 2f 2f ... >,
  <Buffer e6 9b b4 e5 a4 9a 3c 2f 61 3e 3c 2f 64 69 76 3e 0d 0a 20 20 20 20 20 20 20 20 20 20 20 20 20 20 20 20 3c 64 69 76 20 63 6c 61 73 73 3d 22 69 74 65 6d ... >,
  <Buffer 91 22 3e 33 36 35 e9 9f b3 e4 b9 90 e7 bd 91 3c 2f 61 3e 0d 0a 20 20 20 20 20 20 20 20 20 20 20 20 20 20 20 20 20 20 20 20 0d 0a 20 20 20 20 20 20 20 ... >,
  <Buffer 75 67 6f 75 2e 63 6f 6d 2f 61 62 6f 75 74 2f 70 72 69 76 61 63 79 2e 68 74 6d 6c 20 22 3e e9 9a 90 e7 a7 81 e6 94 bf e7 ad 96 3c 2f 61 3e 7c 20 3c 61 ... >,
  <Buffer 73 70 61 6e 3e 3c 2f 70 3e 0d 0a 20 20 20 20 20 20 20 20 20 20 20 20 20 20 20 20 20 20 20 20 3c 70 3e e5 b9 bf e6 92 ad e7 94 b5 e8 a7 86 e8 8a 82 e7 ... >,
  <Buffer 73 5b 69 5d 3b 0d 0a 20 20 20 20 20 20 20 20 20 20 20 20 20 20 20 20 69 66 28 66 73 20 3d 3d 20 65 6c 6d 7c 7c 66 73 20 3d 3d 20 6e 75 6c 6c 29 7b 0d ... >,
  <Buffer 20 20 20 20 20 20 20 20 20 20 20 20 20 73 75 62 49 64 20 3d 20 22 68 6f 6d 65 5f 66 69 72 73 74 53 63 72 65 65 6e 4c 6f 61 64 65 64 5f 6e 65 67 61 74 ... >,
  <Buffer e5 a8 b4 e3 80 81 e5 87 8c e6 99 a8 e5 9b 9b e7 82 b9 e7 9a 84 e5 8c 97 e4 ba ac 20 2d 20 e4 b8 8d e8 a6 81 e5 af b9 e4 bb 96 e8 af b4 20 28 4c 69 76 ... >,
  <Buffer 22 3a 35 30 35 34 35 37 33 7d 2c 7b 22 48 61 73 68 22 3a 22 38 42 34 30 35 38 35 32 30 43 33 41 30 32 43 41 45 34 46 44 45 42 41 38 33 38 39 37 32 30 ... >,
  <Buffer 90 e7 ac ac e4 b8 83 e6 9c 9f e3 80 91 22 2c 22 61 6c 62 75 6d 49 64 22 3a 34 32 32 32 33 37 31 7d 2c 7b 22 48 61 73 68 22 3a 22 33 34 42 35 31 34 45 ... >,
  <Buffer 2d 20 e6 bc 82 e6 b4 8b e8 bf 87 e6 b5 b7 e6 9d a5 e7 9c 8b e4 bd a0 20 28 4c 69 76 65 29 e3 80 90 e7 ac ac e5 85 ad e6 9c 9f e3 80 91 22 2c 22 61 6c ... >,
  <Buffer 3a 22 e6 9d 8e e6 85 a7 e7 8f 8d 20 2d 20 e8 af b4 e6 95 a3 e5 b0 b1 e6 95 a3 20 28 4c 69 76 65 29 e3 80 90 e7 ac ac e4 ba 94 e6 9c 9f e3 80 91 22 2c ... >,
  <Buffer 30 36 44 33 35 33 39 36 34 30 38 22 2c 22 74 69 6d 65 4c 65 6e 22 3a 32 37 35 30 30 30 2c 22 46 69 6c 65 4e 61 6d 65 22 3a 22 e5 a4 a7 e5 bc a0 e4 bc ... >,
  <Buffer ac e4 b8 80 e6 9c 9f e3 80 91 22 2c 22 61 6c 62 75 6d 49 64 22 3a 33 35 32 39 39 32 32 7d 2c 7b 22 48 61 73 68 22 3a 22 39 46 38 46 46 32 39 30 46 44 ... >,
  <Buffer 22 46 41 37 30 39 30 44 30 31 38 38 36 45 33 43 35 33 30 45 34 41 45 45 38 45 44 36 42 36 45 36 30 22 2c 22 74 69 6d 65 4c 65 6e 22 3a 31 38 36 30 30 ... >,
  <Buffer 20 53 63 68 75 6c 7a 20 2d 20 42 65 20 4d 79 20 4c 6f 76 65 72 22 2c 22 61 6c 62 75 6d 49 64 22 3a 34 30 38 38 38 32 35 7d 2c 7b 22 48 61 73 68 22 3a ... >,
  <Buffer 7d 2c 7b 22 48 61 73 68 22 3a 22 44 44 30 41 39 38 42 37 41 33 31 32 30 43 31 35 35 45 34 33 43 33 34 37 34 30 43 44 37 42 45 33 22 2c 22 74 69 6d 65 ... >,
  <Buffer 35 7d 2c 7b 22 48 61 73 68 22 3a 22 39 43 39 30 30 41 33 33 41 39 36 36 42 36 43 32 39 46 45 39 42 34 30 36 37 36 32 46 37 36 46 34 22 2c 22 74 69 6d ... >,
  <Buffer 31 38 30 30 30 30 2c 22 46 69 6c 65 4e 61 6d 65 22 3a 22 52 69 74 61 20 4f 72 61 20 2d 20 59 6f 75 72 20 53 6f 6e 67 e3 80 90 e8 a1 a8 e6 bc 94 e5 98 ... >,
  <Buffer 32 45 44 44 33 44 46 37 46 42 39 42 33 43 45 36 45 35 46 42 37 41 41 35 45 30 41 44 32 31 38 37 22 2c 22 74 69 6d 65 4c 65 6e 22 3a 32 31 38 30 30 30 ... >,
  <Buffer 35 39 30 30 39 31 7d 2c 7b 22 48 61 73 68 22 3a 22 42 45 35 34 30 30 35 36 36 31 32 45 35 31 33 32 44 34 46 43 41 33 37 31 38 41 32 32 33 32 46 33 22 ... >,
  <Buffer 31 36 38 7d 2c 7b 22 48 61 73 68 22 3a 22 46 35 44 44 38 32 36 41 30 36 43 35 46 39 43 44 46 36 45 43 39 45 39 42 37 37 44 37 38 46 35 45 22 2c 22 74 ... >,
  <Buffer 64 22 3a 39 36 39 32 38 34 7d 2c 7b 22 48 61 73 68 22 3a 22 45 35 45 33 38 33 30 31 39 38 35 32 36 42 31 42 31 35 39 36 45 30 34 31 31 31 30 31 34 37 ... >,
  <Buffer 75 6d 49 64 22 3a 39 37 30 32 31 31 7d 2c 7b 22 48 61 73 68 22 3a 22 46 33 42 42 32 41 38 46 39 43 42 46 42 34 38 42 36 33 44 39 44 44 35 31 42 45 37 ... >,
  <Buffer 36 41 42 39 31 44 42 43 39 38 35 31 46 42 37 37 30 37 35 37 42 31 44 42 36 45 41 39 22 2c 22 74 69 6d 65 4c 65 6e 22 3a 32 30 34 30 30 30 2c 22 46 69 ... >,
  <Buffer b8 8d e4 b8 80 e6 a0 b7 22 2c 22 61 6c 62 75 6d 49 64 22 3a 32 36 39 39 30 36 32 7d 2c 7b 22 48 61 73 68 22 3a 22 46 38 35 31 34 30 35 44 42 42 45 31 ... >,
  <Buffer 6c 62 75 6d 49 64 22 3a 31 39 34 32 30 33 36 7d 2c 7b 22 48 61 73 68 22 3a 22 46 30 39 44 34 33 45 42 37 32 37 39 33 30 35 31 32 36 35 30 38 42 45 44 ... >,
  <Buffer 30 30 30 2c 22 46 69 6c 65 4e 61 6d 65 22 3a 22 53 69 61 20 2d 20 53 6e 6f 77 6d 61 6e 22 2c 22 46 69 6c 65 6e 61 6d 65 22 3a 22 53 69 61 20 2d 20 53 ... >,
  <Buffer 38 2c 22 73 69 7a 65 22 3a 32 38 39 34 34 31 31 2c 22 73 6f 6e 67 4c 69 6e 6b 22 3a 22 69 6f 62 71 31 33 38 22 7d 2c 7b 22 66 69 72 73 74 22 3a 31 2c ... >,
  <Buffer 22 3a 34 34 31 38 37 34 36 2c 22 70 72 69 76 69 6c 65 67 65 22 3a 38 2c 22 73 69 7a 65 22 3a 33 33 32 36 35 38 31 2c 22 73 6f 6e 67 4c 69 6e 6b 22 3a ... >,
  <Buffer 37 36 32 32 2c 22 73 6f 6e 67 4c 69 6e 6b 22 3a 22 68 6b 77 61 30 33 31 22 7d 2c 7b 22 66 69 72 73 74 22 3a 30 2c 22 48 61 73 68 22 3a 22 35 33 36 31 ... >,
  <Buffer 6e 22 3a 32 31 32 30 30 30 2c 22 46 69 6c 65 4e 61 6d 65 22 3a 22 e6 b3 b0 e6 b0 91 20 2d 20 4d 4f 56 45 22 2c 22 46 69 6c 65 6e 61 6d 65 22 3a 22 e6 ... >,
  <Buffer 66 69 72 73 74 22 3a 30 2c 22 48 61 73 68 22 3a 22 45 36 46 33 31 46 39 32 43 45 37 34 31 42 35 37 42 36 32 37 45 32 34 33 35 44 35 36 32 38 30 44 22 ... >,
  <Buffer 34 38 46 32 30 46 30 31 44 22 2c 22 74 69 6d 65 22 3a 22 30 34 3a 32 31 22 2c 22 74 69 6d 65 4c 65 6e 22 3a 32 36 31 30 30 30 2c 22 46 69 6c 65 4e 61 ... >,
  <Buffer 32 33 42 41 45 31 38 36 35 33 46 22 2c 22 74 69 6d 65 22 3a 22 30 34 3a 32 35 22 2c 22 74 69 6d 65 4c 65 6e 22 3a 32 36 35 30 30 30 2c 22 46 69 6c 65 ... >,
  <Buffer 37 31 38 32 46 39 41 36 32 30 31 35 38 36 30 34 35 32 42 30 43 32 31 43 45 34 44 45 37 22 2c 22 74 69 6d 65 22 3a 22 30 35 3a 32 31 22 2c 22 74 69 6d ... >,
  <Buffer e5 b3 b6 e6 84 9b 20 2d 20 e3 82 b5 e3 82 bf e3 83 87 e3 83 bc e3 83 bb e3 83 8a e3 82 a4 e3 83 88 e3 83 bb e3 82 af e3 82 a8 e3 82 b9 e3 83 81 e3 83 ... >,
  ... 8 more items ]
